d:\projects\muparsersse\asmjit\debug\vc120.pdb
d:\projects\muparsersse\asmjit\debug\vc120.idb
d:\projects\muparsersse\asmjit\debug\assemblerx86x64.obj
d:\projects\muparsersse\asmjit\debug\compilerx86x64.obj
d:\projects\muparsersse\asmjit\debug\cpuinfo.obj
d:\projects\muparsersse\asmjit\debug\defs.obj
d:\projects\muparsersse\asmjit\debug\lock.obj
d:\projects\muparsersse\asmjit\debug\logger.obj
d:\projects\muparsersse\asmjit\debug\loggerx86x64.obj
d:\projects\muparsersse\asmjit\debug\loggerx86x64dump.obj
d:\projects\muparsersse\asmjit\debug\memorymanager.obj
d:\projects\muparsersse\asmjit\debug\serializerx86x64.obj
d:\projects\muparsersse\asmjit\debug\util.obj
d:\projects\muparsersse\asmjit\debug\virtualmemory.obj
d:\projects\muparsersse\example\debug\asmjit.lib
d:\projects\muparsersse\asmjit\debug\asmjit.tlog\cl.command.1.tlog
d:\projects\muparsersse\asmjit\debug\asmjit.tlog\cl.read.1.tlog
d:\projects\muparsersse\asmjit\debug\asmjit.tlog\cl.write.1.tlog
d:\projects\muparsersse\asmjit\debug\asmjit.tlog\lib-link.read.1.tlog
d:\projects\muparsersse\asmjit\debug\asmjit.tlog\lib-link.write.1.tlog
d:\projects\muparsersse\asmjit\debug\asmjit.tlog\lib.command.1.tlog
