Build started 22.03.2015 22:03:05.
     1>Project "D:\projects\muparsersse\parser\muParserSSE.vcxproj" on node 2 (Rebuild target(s)).
     1>ClCompile:
         C:\Program Files (x86)\Microsoft Visual Studio 12.0\VC\bin\CL.exe /c /I"D:\projects\muparsersse\example\\..\asmjit\asmjit-0.8.6" /nologo /W3 /WX- /O2 /Ob2 /Oi /Ot /Oy /D WIN32 /D NDEBUG /D _CRT_SECURE_NO_WARNINGS /D MUPARSERLIB_EXPORTS /D _VC80_UPGRADE=0x0710 /D _WINDLL /D _UNICODE /D UNICODE /Gm- /EHsc /MD /GS- /arch:SSE2 /fp:fast /Zc:wchar_t /Zc:forScope /Fo"Release\\" /Fd"Release\vc120.pdb" /Gd /TP /analyze- /errorReport:prompt mecCallback.cpp mecError.cpp mecExprCompiler.cpp mecParser.cpp mecParserBase.cpp mecReversePolishNotation.cpp mecToken.cpp mecTokenReader.cpp mecUnitTest.cpp muParserSSE.cpp
         mecCallback.cpp
         mecError.cpp
         mecExprCompiler.cpp
         mecParser.cpp
         mecParserBase.cpp
     1>mecParserBase.cpp(1422): warning C4102: 'do_MOD' : unreferenced label
         mecReversePolishNotation.cpp
         mecToken.cpp
         mecTokenReader.cpp
         mecUnitTest.cpp
         muParserSSE.cpp
         Generating Code...
       Link:
         C:\Program Files (x86)\Microsoft Visual Studio 12.0\VC\bin\link.exe /ERRORREPORT:PROMPT /OUT:"D:\projects\muparsersse\example\Release\muparsersse.dll" /NOLOGO kernel32.lib user32.lib gdi32.lib winspool.lib comdlg32.lib advapi32.lib shell32.lib ole32.lib oleaut32.lib uuid.lib odbc32.lib odbccp32.lib D:\projects\muparsersse\example\Release\asmjit.lib /MANIFEST /MANIFESTUAC:"level='asInvoker' uiAccess='false'" /manifest:embed /PDB:"D:\projects\muparsersse\example\Release\muparsersse.pdb" /TLBID:1 /DYNAMICBASE /NXCOMPAT /IMPLIB:"D:\projects\muparsersse\example\Release\muparsersse.lib" /MACHINE:X86 /SAFESEH /DLL Release\mecCallback.obj
         Release\mecError.obj
         Release\mecExprCompiler.obj
         Release\mecParser.obj
         Release\mecParserBase.obj
         Release\mecReversePolishNotation.obj
         Release\mecToken.obj
         Release\mecTokenReader.obj
         Release\mecUnitTest.obj
         Release\muParserSSE.obj
         asmjit.lib(MemoryManager.obj) : MSIL .netmodule or module compiled with /GL found; restarting link with /LTCG; add /LTCG to the link command line to improve linker performance
            Creating library D:\projects\muparsersse\example\Release\muparsersse.lib and object D:\projects\muparsersse\example\Release\muparsersse.exp
         Generating code
         Finished generating code
         muParserSSE.vcxproj -> D:\projects\muparsersse\example\Release\muparsersse.dll
     1>Done Building Project "D:\projects\muparsersse\parser\muParserSSE.vcxproj" (Rebuild target(s)).

Build succeeded.

Time Elapsed 00:00:08.26
