d:\projects\muparsersse\parser\debug\vc120.pdb
d:\projects\muparsersse\parser\debug\muparsersse.obj
d:\projects\muparsersse\parser\debug\mecunittest.obj
d:\projects\muparsersse\parser\debug\mectokenreader.obj
d:\projects\muparsersse\parser\debug\mectoken.obj
d:\projects\muparsersse\parser\debug\mecreversepolishnotation.obj
d:\projects\muparsersse\parser\debug\mecparserbase.obj
d:\projects\muparsersse\parser\debug\mecparser.obj
d:\projects\muparsersse\parser\debug\mecexprcompiler.obj
d:\projects\muparsersse\parser\debug\mecerror.obj
d:\projects\muparsersse\parser\debug\meccallback.obj
d:\projects\muparsersse\example\debug\muparsersse.ilk
d:\projects\muparsersse\example\debug\muparsersse.dll
d:\projects\muparsersse\example\debug\muparsersse.pdb
d:\projects\muparsersse\example\debug\muparsersse.lib
d:\projects\muparsersse\example\debug\muparsersse.exp
d:\projects\muparsersse\parser\debug\muparsersse.tlog\cl.command.1.tlog
d:\projects\muparsersse\parser\debug\muparsersse.tlog\cl.read.1.tlog
d:\projects\muparsersse\parser\debug\muparsersse.tlog\cl.write.1.tlog
d:\projects\muparsersse\parser\debug\muparsersse.tlog\link.command.1.tlog
d:\projects\muparsersse\parser\debug\muparsersse.tlog\link.read.1.tlog
d:\projects\muparsersse\parser\debug\muparsersse.tlog\link.write.1.tlog
d:\projects\muparsersse\parser\debug\muparsersse.tlog\muparsersse.write.1u.tlog
