d:\projects\muparsersse\asmjit\release\vc120.pdb
d:\projects\muparsersse\asmjit\release\virtualmemory.obj
d:\projects\muparsersse\asmjit\release\util.obj
d:\projects\muparsersse\asmjit\release\serializerx86x64.obj
d:\projects\muparsersse\asmjit\release\memorymanager.obj
d:\projects\muparsersse\asmjit\release\loggerx86x64dump.obj
d:\projects\muparsersse\asmjit\release\loggerx86x64.obj
d:\projects\muparsersse\asmjit\release\logger.obj
d:\projects\muparsersse\asmjit\release\lock.obj
d:\projects\muparsersse\asmjit\release\defs.obj
d:\projects\muparsersse\asmjit\release\cpuinfo.obj
d:\projects\muparsersse\asmjit\release\compilerx86x64.obj
d:\projects\muparsersse\asmjit\release\assemblerx86x64.obj
d:\projects\muparsersse\example\release\asmjit.lib
d:\projects\muparsersse\asmjit\release\asmjit.tlog\cl.command.1.tlog
d:\projects\muparsersse\asmjit\release\asmjit.tlog\cl.read.1.tlog
d:\projects\muparsersse\asmjit\release\asmjit.tlog\cl.write.1.tlog
d:\projects\muparsersse\asmjit\release\asmjit.tlog\lib-link.read.1.tlog
d:\projects\muparsersse\asmjit\release\asmjit.tlog\lib-link.write.1.tlog
d:\projects\muparsersse\asmjit\release\asmjit.tlog\lib.command.1.tlog
